{"uid":"c29f848861884fc8","name":"Get product by ID","fullName":"tests.products.test_products.TestProducts#test_get_product_by_id","historyId":"4f1a9d4bcc2cf63b8d94db430d9c5540","time":{"start":1762339312970,"stop":1762339313003,"duration":33},"status":"failed","statusMessage":"AssertionError: Incorrect value: \"price\". Expected value: 7236.76. Actual value: 7236.","statusTrace":"self = <test_products.TestProducts object at 0x7f5d078ec050>\nproducts_client = <clients.products.products_client.ProductsClient object at 0x7f5d07650620>\nfunction_product = ProductFixture(request=CreateProductRequestSchema(title='Bad seek relationship', price=7236.76, description='Major cam...25, 11, 5, 10, 41, 52, tzinfo=TzInfo(UTC)), updated_at=datetime.datetime(2025, 11, 5, 10, 41, 52, tzinfo=TzInfo(UTC))))\n\n    @allure.story(AllureStory.GET_ENTITY)\n    @allure.title(\"Get product by ID\")\n    @allure.severity(Severity.NORMAL)\n    def test_get_product_by_id(self, products_client: ProductsClient, function_product: ProductFixture):\n        response = products_client.get_product_by_id_api(product_id=function_product.response.id)\n        response_data = GetProductResponseSchema.model_validate_json(response.text)\n    \n        assert_status_code(response.status_code, HTTPStatus.OK)\n>       assert_get_product_response(response_data, function_product.response)\n\ntests/products/test_products.py:87: \n_ _ _ _ _ _ _ _ _ _ _ _ _ _ _ _ _ _ _ _ _ _ _ _ _ _ _ _ _ _ _ _ _ _ _ _ _ _ _ _ \ntools/assertions/products.py:98: in assert_get_product_response\n    assert_product(actual, expected)\ntools/assertions/products.py:79: in assert_product\n    assert_equal(actual.price, expected.price, \"price\")\n_ _ _ _ _ _ _ _ _ _ _ _ _ _ _ _ _ _ _ _ _ _ _ _ _ _ _ _ _ _ _ _ _ _ _ _ _ _ _ _ \n\nactual = 7236, expected = 7236.76, name = 'price'\n\n    @allure.step(\"Check that {name} equal to {expected}\")\n    def assert_equal(actual: Any, expected: Any, name: str):\n        \"\"\"\n        Проверяет, что фактическое значение равно ожидаемому.\n    \n        :param name: Название проверяемого значения.\n        :param actual: Фактическое значение.\n        :param expected: Ожидаемое значение.\n        :raises AssertionError: Если фактическое значение не равно ожидаемому.\n        \"\"\"\n        logger.info(f'Check that \"{name}\" equals to {expected}')\n    \n>       assert actual == expected, (\n               ^^^^^^^^^^^^^^^^^^\n            f'Incorrect value: \"{name}\". '\n            f'Expected value: {expected}. '\n            f'Actual value: {actual}.'\n        )\nE       AssertionError: Incorrect value: \"price\". Expected value: 7236.76. Actual value: 7236.\n\ntools/assertions/base.py:39: AssertionError","flaky":false,"newFailed":false,"newBroken":false,"newPassed":false,"retriesCount":0,"retriesStatusChange":false,"beforeStages":[{"name":"_session_faker","time":{"start":1762339304677,"stop":1762339304678,"duration":1},"status":"passed","steps":[],"attachments":[],"parameters":[],"stepsCount":0,"shouldDisplayMessage":false,"attachmentsCount":0,"hasContent":false,"attachmentStep":false},{"name":"setup_global_logger","time":{"start":1762339304678,"stop":1762339304685,"duration":7},"status":"passed","steps":[],"attachments":[],"parameters":[],"stepsCount":0,"shouldDisplayMessage":false,"attachmentsCount":0,"hasContent":false,"attachmentStep":false},{"name":"attach_logs_to_allure","time":{"start":1762339312231,"stop":1762339312236,"duration":5},"status":"passed","steps":[],"attachments":[],"parameters":[],"stepsCount":0,"shouldDisplayMessage":false,"attachmentsCount":0,"hasContent":false,"attachmentStep":false},{"name":"products_client","time":{"start":1762339312236,"stop":1762339312257,"duration":21},"status":"passed","steps":[],"attachments":[],"parameters":[],"stepsCount":0,"shouldDisplayMessage":false,"attachmentsCount":0,"hasContent":false,"attachmentStep":false},{"name":"category_client","time":{"start":1762339312257,"stop":1762339312279,"duration":22},"status":"passed","steps":[],"attachments":[],"parameters":[],"stepsCount":0,"shouldDisplayMessage":false,"attachmentsCount":0,"hasContent":false,"attachmentStep":false},{"name":"function_category","time":{"start":1762339312279,"stop":1762339312568,"duration":289},"status":"passed","steps":[{"name":"Create category","time":{"start":1762339312279,"stop":1762339312568,"duration":289},"status":"passed","steps":[{"name":"Make POST request to 'api/v1/categories'","time":{"start":1762339312279,"stop":1762339312568,"duration":289},"status":"passed","steps":[],"attachments":[{"uid":"55e7f841e4a6bf0f","name":"cURL command","source":"55e7f841e4a6bf0f.txt","type":"text/plain","size":404}],"parameters":[{"name":"url","value":"'api/v1/categories'"},{"name":"json","value":"{'name': 'Choose similar son cover', 'image': 'http://watson-reynolds.com/postscategory.html'}"},{"name":"data","value":"None"},{"name":"files","value":"None"}],"stepsCount":0,"shouldDisplayMessage":false,"attachmentsCount":1,"hasContent":true,"attachmentStep":false}],"attachments":[],"parameters":[{"name":"request","value":"CreateCategoryRequestSchema(name='Choose similar son cover', image='http://watson-reynolds.com/postscategory.html')"}],"stepsCount":1,"shouldDisplayMessage":false,"attachmentsCount":1,"hasContent":true,"attachmentStep":false}],"attachments":[],"parameters":[],"stepsCount":2,"shouldDisplayMessage":false,"attachmentsCount":1,"hasContent":true,"attachmentStep":false},{"name":"function_product","time":{"start":1762339312568,"stop":1762339312970,"duration":402},"status":"passed","steps":[{"name":"Create product","time":{"start":1762339312569,"stop":1762339312970,"duration":401},"status":"passed","steps":[{"name":"Make POST request to 'api/v1/products'","time":{"start":1762339312569,"stop":1762339312970,"duration":401},"status":"passed","steps":[],"attachments":[{"uid":"916f39ece9e60277","name":"cURL command","source":"916f39ece9e60277.txt","type":"text/plain","size":587}],"parameters":[{"name":"url","value":"'api/v1/products'"},{"name":"json","value":"{'title': 'Bad seek relationship', 'price': 7236.76, 'description': 'Major camera budget need among suddenly.', 'categoryId': 234, 'images': ['http://www.doyle.net/search/applogin.html', 'http://henry-rice.biz/category/explore/tagscategory.html', 'http://moore.biz/categorysearch.php']}"},{"name":"data","value":"None"},{"name":"files","value":"None"}],"stepsCount":0,"shouldDisplayMessage":false,"attachmentsCount":1,"hasContent":true,"attachmentStep":false}],"attachments":[],"parameters":[{"name":"request","value":"CreateProductRequestSchema(title='Bad seek relationship', price=7236.76, description='Major camera budget need among suddenly.', category_id=234, images=['http://www.doyle.net/search/applogin.html', 'http://henry-rice.biz/category/explore/tagscategory.html', 'http://moore.biz/categorysearch.php'])"}],"stepsCount":1,"shouldDisplayMessage":false,"attachmentsCount":1,"hasContent":true,"attachmentStep":false}],"attachments":[],"parameters":[],"stepsCount":2,"shouldDisplayMessage":false,"attachmentsCount":1,"hasContent":true,"attachmentStep":false}],"testStage":{"status":"failed","statusMessage":"AssertionError: Incorrect value: \"price\". Expected value: 7236.76. Actual value: 7236.","statusTrace":"self = <test_products.TestProducts object at 0x7f5d078ec050>\nproducts_client = <clients.products.products_client.ProductsClient object at 0x7f5d07650620>\nfunction_product = ProductFixture(request=CreateProductRequestSchema(title='Bad seek relationship', price=7236.76, description='Major cam...25, 11, 5, 10, 41, 52, tzinfo=TzInfo(UTC)), updated_at=datetime.datetime(2025, 11, 5, 10, 41, 52, tzinfo=TzInfo(UTC))))\n\n    @allure.story(AllureStory.GET_ENTITY)\n    @allure.title(\"Get product by ID\")\n    @allure.severity(Severity.NORMAL)\n    def test_get_product_by_id(self, products_client: ProductsClient, function_product: ProductFixture):\n        response = products_client.get_product_by_id_api(product_id=function_product.response.id)\n        response_data = GetProductResponseSchema.model_validate_json(response.text)\n    \n        assert_status_code(response.status_code, HTTPStatus.OK)\n>       assert_get_product_response(response_data, function_product.response)\n\ntests/products/test_products.py:87: \n_ _ _ _ _ _ _ _ _ _ _ _ _ _ _ _ _ _ _ _ _ _ _ _ _ _ _ _ _ _ _ _ _ _ _ _ _ _ _ _ \ntools/assertions/products.py:98: in assert_get_product_response\n    assert_product(actual, expected)\ntools/assertions/products.py:79: in assert_product\n    assert_equal(actual.price, expected.price, \"price\")\n_ _ _ _ _ _ _ _ _ _ _ _ _ _ _ _ _ _ _ _ _ _ _ _ _ _ _ _ _ _ _ _ _ _ _ _ _ _ _ _ \n\nactual = 7236, expected = 7236.76, name = 'price'\n\n    @allure.step(\"Check that {name} equal to {expected}\")\n    def assert_equal(actual: Any, expected: Any, name: str):\n        \"\"\"\n        Проверяет, что фактическое значение равно ожидаемому.\n    \n        :param name: Название проверяемого значения.\n        :param actual: Фактическое значение.\n        :param expected: Ожидаемое значение.\n        :raises AssertionError: Если фактическое значение не равно ожидаемому.\n        \"\"\"\n        logger.info(f'Check that \"{name}\" equals to {expected}')\n    \n>       assert actual == expected, (\n               ^^^^^^^^^^^^^^^^^^\n            f'Incorrect value: \"{name}\". '\n            f'Expected value: {expected}. '\n            f'Actual value: {actual}.'\n        )\nE       AssertionError: Incorrect value: \"price\". Expected value: 7236.76. Actual value: 7236.\n\ntools/assertions/base.py:39: AssertionError","steps":[{"name":"Get product by id 202","time":{"start":1762339312971,"stop":1762339313000,"duration":29},"status":"passed","steps":[{"name":"Make GET request to 'api/v1/products/202'","time":{"start":1762339312971,"stop":1762339313000,"duration":29},"status":"passed","steps":[],"attachments":[{"uid":"9f82c6a22bb45ead","name":"cURL command","source":"9f82c6a22bb45ead.txt","type":"text/plain","size":236}],"parameters":[{"name":"url","value":"'api/v1/products/202'"},{"name":"params","value":"None"}],"stepsCount":0,"shouldDisplayMessage":false,"attachmentsCount":1,"hasContent":true,"attachmentStep":false}],"attachments":[],"parameters":[{"name":"product_id","value":"202"}],"stepsCount":1,"shouldDisplayMessage":false,"attachmentsCount":1,"hasContent":true,"attachmentStep":false},{"name":"Check that response status code equal to <HTTPStatus.OK: 200>","time":{"start":1762339313001,"stop":1762339313001,"duration":0},"status":"passed","steps":[],"attachments":[],"parameters":[{"name":"actual","value":"200"},{"name":"expected","value":"<HTTPStatus.OK: 200>"}],"stepsCount":0,"shouldDisplayMessage":false,"attachmentsCount":0,"hasContent":true,"attachmentStep":false},{"name":"Check get product response","time":{"start":1762339313001,"stop":1762339313003,"duration":2},"status":"failed","statusMessage":"AssertionError: Incorrect value: \"price\". Expected value: 7236.76. Actual value: 7236.\n","statusTrace":"  File \"/home/runner/.local/lib/python3.12/site-packages/allure_commons/_allure.py\", line 202, in impl\n    return func(*a, **kw)\n           ^^^^^^^^^^^^^^\n  File \"/home/runner/work/api_autotests/api_autotests/tools/assertions/products.py\", line 98, in assert_get_product_response\n    assert_product(actual, expected)\n  File \"/home/runner/.local/lib/python3.12/site-packages/allure_commons/_allure.py\", line 202, in impl\n    return func(*a, **kw)\n           ^^^^^^^^^^^^^^\n  File \"/home/runner/work/api_autotests/api_autotests/tools/assertions/products.py\", line 79, in assert_product\n    assert_equal(actual.price, expected.price, \"price\")\n  File \"/home/runner/.local/lib/python3.12/site-packages/allure_commons/_allure.py\", line 202, in impl\n    return func(*a, **kw)\n           ^^^^^^^^^^^^^^\n  File \"/home/runner/work/api_autotests/api_autotests/tools/assertions/base.py\", line 39, in assert_equal\n    assert actual == expected, (\n           ^^^^^^^^^^^^^^^^^^\n","steps":[{"name":"Check product","time":{"start":1762339313001,"stop":1762339313002,"duration":1},"status":"failed","statusMessage":"AssertionError: Incorrect value: \"price\". Expected value: 7236.76. Actual value: 7236.\n","statusTrace":"  File \"/home/runner/.local/lib/python3.12/site-packages/allure_commons/_allure.py\", line 202, in impl\n    return func(*a, **kw)\n           ^^^^^^^^^^^^^^\n  File \"/home/runner/work/api_autotests/api_autotests/tools/assertions/products.py\", line 79, in assert_product\n    assert_equal(actual.price, expected.price, \"price\")\n  File \"/home/runner/.local/lib/python3.12/site-packages/allure_commons/_allure.py\", line 202, in impl\n    return func(*a, **kw)\n           ^^^^^^^^^^^^^^\n  File \"/home/runner/work/api_autotests/api_autotests/tools/assertions/base.py\", line 39, in assert_equal\n    assert actual == expected, (\n           ^^^^^^^^^^^^^^^^^^\n","steps":[{"name":"Check that 'id' equal to 202","time":{"start":1762339313001,"stop":1762339313002,"duration":1},"status":"passed","steps":[],"attachments":[],"parameters":[{"name":"actual","value":"202"},{"name":"expected","value":"202"},{"name":"name","value":"'id'"}],"stepsCount":0,"shouldDisplayMessage":false,"attachmentsCount":0,"hasContent":true,"attachmentStep":false},{"name":"Check that 'title' equal to 'Bad seek relationship'","time":{"start":1762339313002,"stop":1762339313002,"duration":0},"status":"passed","steps":[],"attachments":[],"parameters":[{"name":"actual","value":"'Bad seek relationship'"},{"name":"expected","value":"'Bad seek relationship'"},{"name":"name","value":"'title'"}],"stepsCount":0,"shouldDisplayMessage":false,"attachmentsCount":0,"hasContent":true,"attachmentStep":false},{"name":"Check that 'slug' equal to 'bad-seek-relationship'","time":{"start":1762339313002,"stop":1762339313002,"duration":0},"status":"passed","steps":[],"attachments":[],"parameters":[{"name":"actual","value":"'bad-seek-relationship'"},{"name":"expected","value":"'bad-seek-relationship'"},{"name":"name","value":"'slug'"}],"stepsCount":0,"shouldDisplayMessage":false,"attachmentsCount":0,"hasContent":true,"attachmentStep":false},{"name":"Check that 'price' equal to 7236.76","time":{"start":1762339313002,"stop":1762339313002,"duration":0},"status":"failed","statusMessage":"AssertionError: Incorrect value: \"price\". Expected value: 7236.76. Actual value: 7236.\n","statusTrace":"  File \"/home/runner/.local/lib/python3.12/site-packages/allure_commons/_allure.py\", line 202, in impl\n    return func(*a, **kw)\n           ^^^^^^^^^^^^^^\n  File \"/home/runner/work/api_autotests/api_autotests/tools/assertions/base.py\", line 39, in assert_equal\n    assert actual == expected, (\n           ^^^^^^^^^^^^^^^^^^\n","steps":[],"attachments":[],"parameters":[{"name":"actual","value":"7236"},{"name":"expected","value":"7236.76"},{"name":"name","value":"'price'"}],"stepsCount":0,"shouldDisplayMessage":true,"attachmentsCount":0,"hasContent":true,"attachmentStep":false}],"attachments":[],"parameters":[{"name":"actual","value":"GetProductResponseSchema(id=202, title='Bad seek relationship', slug='bad-seek-relationship', price=7236, description='Major camera budget need among suddenly.', category=CategorySchema(id=234, name='Choose similar son cover', slug='choose-similar-son-cover', image=HttpUrl('http://watson-reynolds.com/postscategory.html'), creation_at=datetime.datetime(2025, 11, 5, 10, 41, 52, tzinfo=TzInfo(UTC)), updated_at=datetime.datetime(2025, 11, 5, 10, 41, 52, tzinfo=TzInfo(UTC))), images=[HttpUrl('http://www.doyle.net/search/applogin.html'), HttpUrl('http://henry-rice.biz/category/explore/tagscategory.html'), HttpUrl('http://moore.biz/categorysearch.php')], creation_at=datetime.datetime(2025, 11, 5, 10, 41, 52, tzinfo=TzInfo(UTC)), updated_at=datetime.datetime(2025, 11, 5, 10, 41, 52, tzinfo=TzInfo(UTC)))"},{"name":"expected","value":"CreateProductResponseSchema(id=202, title='Bad seek relationship', slug='bad-seek-relationship', price=7236.76, description='Major camera budget need among suddenly.', category=CategorySchema(id=234, name='Choose similar son cover', slug='choose-similar-son-cover', image=HttpUrl('http://watson-reynolds.com/postscategory.html'), creation_at=datetime.datetime(2025, 11, 5, 10, 41, 52, tzinfo=TzInfo(UTC)), updated_at=datetime.datetime(2025, 11, 5, 10, 41, 52, tzinfo=TzInfo(UTC))), images=[HttpUrl('http://www.doyle.net/search/applogin.html'), HttpUrl('http://henry-rice.biz/category/explore/tagscategory.html'), HttpUrl('http://moore.biz/categorysearch.php')], creation_at=datetime.datetime(2025, 11, 5, 10, 41, 52, tzinfo=TzInfo(UTC)), updated_at=datetime.datetime(2025, 11, 5, 10, 41, 52, tzinfo=TzInfo(UTC)))"}],"stepsCount":4,"shouldDisplayMessage":false,"attachmentsCount":0,"hasContent":true,"attachmentStep":false}],"attachments":[],"parameters":[{"name":"actual","value":"GetProductResponseSchema(id=202, title='Bad seek relationship', slug='bad-seek-relationship', price=7236, description='Major camera budget need among suddenly.', category=CategorySchema(id=234, name='Choose similar son cover', slug='choose-similar-son-cover', image=HttpUrl('http://watson-reynolds.com/postscategory.html'), creation_at=datetime.datetime(2025, 11, 5, 10, 41, 52, tzinfo=TzInfo(UTC)), updated_at=datetime.datetime(2025, 11, 5, 10, 41, 52, tzinfo=TzInfo(UTC))), images=[HttpUrl('http://www.doyle.net/search/applogin.html'), HttpUrl('http://henry-rice.biz/category/explore/tagscategory.html'), HttpUrl('http://moore.biz/categorysearch.php')], creation_at=datetime.datetime(2025, 11, 5, 10, 41, 52, tzinfo=TzInfo(UTC)), updated_at=datetime.datetime(2025, 11, 5, 10, 41, 52, tzinfo=TzInfo(UTC)))"},{"name":"expected","value":"CreateProductResponseSchema(id=202, title='Bad seek relationship', slug='bad-seek-relationship', price=7236.76, description='Major camera budget need among suddenly.', category=CategorySchema(id=234, name='Choose similar son cover', slug='choose-similar-son-cover', image=HttpUrl('http://watson-reynolds.com/postscategory.html'), creation_at=datetime.datetime(2025, 11, 5, 10, 41, 52, tzinfo=TzInfo(UTC)), updated_at=datetime.datetime(2025, 11, 5, 10, 41, 52, tzinfo=TzInfo(UTC))), images=[HttpUrl('http://www.doyle.net/search/applogin.html'), HttpUrl('http://henry-rice.biz/category/explore/tagscategory.html'), HttpUrl('http://moore.biz/categorysearch.php')], creation_at=datetime.datetime(2025, 11, 5, 10, 41, 52, tzinfo=TzInfo(UTC)), updated_at=datetime.datetime(2025, 11, 5, 10, 41, 52, tzinfo=TzInfo(UTC)))"}],"stepsCount":5,"shouldDisplayMessage":false,"attachmentsCount":0,"hasContent":true,"attachmentStep":false}],"attachments":[],"parameters":[],"stepsCount":9,"shouldDisplayMessage":true,"attachmentsCount":1,"hasContent":true,"attachmentStep":false},"afterStages":[{"name":"attach_logs_to_allure::0","time":{"start":1762339313016,"stop":1762339313016,"duration":0},"status":"passed","steps":[],"attachments":[{"uid":"ce943c6f21f3f4ae","name":"logs","source":"ce943c6f21f3f4ae.txt","type":"text/plain","size":1427}],"parameters":[],"stepsCount":0,"shouldDisplayMessage":false,"attachmentsCount":1,"hasContent":true,"attachmentStep":false}],"labels":[{"name":"story","value":"Get entity"},{"name":"epic","value":"Store service"},{"name":"severity","value":"normal"},{"name":"feature","value":"Products"},{"name":"tag","value":"products"},{"name":"tag","value":"regression"},{"name":"parentSuite","value":"tests.products"},{"name":"suite","value":"test_products"},{"name":"subSuite","value":"TestProducts"},{"name":"host","value":"runnervmf2e7y"},{"name":"thread","value":"2503-MainThread"},{"name":"framework","value":"pytest"},{"name":"language","value":"cpython3"},{"name":"package","value":"tests.products.test_products"},{"name":"resultFormat","value":"allure2"}],"parameters":[],"links":[],"hidden":false,"retry":false,"extra":{"severity":"normal","retries":[],"categories":[{"name":"Product defects","matchedStatuses":[],"flaky":false}],"history":{"statistic":{"failed":6,"broken":1,"skipped":0,"passed":0,"unknown":0,"total":7},"items":[{"uid":"c916af51c1124955","reportUrl":"https://BorisBorisa.github.io/api_autotests/11/#testresult/c916af51c1124955","status":"failed","statusDetails":"AssertionError: Incorrect value: \"price\". Expected value: 7136.56. Actual value: 7136.","time":{"start":1762338456710,"stop":1762338456744,"duration":34}},{"uid":"11faaf405fb8d213","reportUrl":"https://BorisBorisa.github.io/api_autotests/10/#testresult/11faaf405fb8d213","status":"broken","statusDetails":"pydantic_core._pydantic_core.ValidationError: 9 validation errors for CreateProductResponseSchema\nid\n  Field required [type=missing, input_value={'message': ['This text i...est', 'statusCode': 400}, input_type=dict]\n    For further information visit https://errors.pydantic.dev/2.11/v/missing\ntitle\n  Field required [type=missing, input_value={'message': ['This text i...est', 'statusCode': 400}, input_type=dict]\n    For further information visit https://errors.pydantic.dev/2.11/v/missing\nslug\n  Field required [type=missing, input_value={'message': ['This text i...est', 'statusCode': 400}, input_type=dict]\n    For further information visit https://errors.pydantic.dev/2.11/v/missing\nprice\n  Field required [type=missing, input_value={'message': ['This text i...est', 'statusCode': 400}, input_type=dict]\n    For further information visit https://errors.pydantic.dev/2.11/v/missing\ndescription\n  Field required [type=missing, input_value={'message': ['This text i...est', 'statusCode': 400}, input_type=dict]\n    For further information visit https://errors.pydantic.dev/2.11/v/missing\ncategory\n  Field required [type=missing, input_value={'message': ['This text i...est', 'statusCode': 400}, input_type=dict]\n    For further information visit https://errors.pydantic.dev/2.11/v/missing\nimages\n  Field required [type=missing, input_value={'message': ['This text i...est', 'statusCode': 400}, input_type=dict]\n    For further information visit https://errors.pydantic.dev/2.11/v/missing\ncreationAt\n  Field required [type=missing, input_value={'message': ['This text i...est', 'statusCode': 400}, input_type=dict]\n    For further information visit https://errors.pydantic.dev/2.11/v/missing\nupdatedAt\n  Field required [type=missing, input_value={'message': ['This text i...est', 'statusCode': 400}, input_type=dict]\n    For further information visit https://errors.pydantic.dev/2.11/v/missing","time":{"start":1762337986024,"stop":1762337986024,"duration":0}},{"uid":"952abc5d8134ca34","reportUrl":"https://BorisBorisa.github.io/api_autotests/9/#testresult/952abc5d8134ca34","status":"failed","statusDetails":"AssertionError: Incorrect value: \"price\". Expected value: 975.29. Actual value: 975.","time":{"start":1762282631118,"stop":1762282631146,"duration":28}},{"uid":"8ee0f6c310816190","reportUrl":"https://BorisBorisa.github.io/api_autotests/8/#testresult/8ee0f6c310816190","status":"failed","statusDetails":"AssertionError: Incorrect value: \"price\". Expected value: 1748.51. Actual value: 1748.","time":{"start":1762279650257,"stop":1762279650335,"duration":78}},{"uid":"ee7dad629f1f004f","reportUrl":"https://BorisBorisa.github.io/api_autotests/7/#testresult/ee7dad629f1f004f","status":"failed","statusDetails":"AssertionError: Incorrect value: \"price\". Expected value: 9837.4. Actual value: 9837.","time":{"start":1762279505624,"stop":1762279505636,"duration":12}},{"uid":"c109fec619b87c0","reportUrl":"https://BorisBorisa.github.io/api_autotests/6/#testresult/c109fec619b87c0","status":"failed","statusDetails":"AssertionError: Incorrect value: \"price\". Expected value: 7031.66. Actual value: 7031.","time":{"start":1762279408655,"stop":1762279408685,"duration":30}}]},"tags":["regression","products"]},"source":"c29f848861884fc8.json","parameterValues":[]}